/opt/miniconda3/lib/python3.12/site-packages/telegram/ext/_application.py:977: DeprecationWarning: There is no current event loop
  loop = asyncio.get_event_loop()
2025-05-01 10:10:51,532 - httpx - INFO - HTTP Request: POST https://api.telegram.org/bot7912178040:AAElBiQxH4kCCyfVL2hz4ObJ1YqHqmDfFM4/getMe "HTTP/1.1 200 OK"
2025-05-01 10:10:51,660 - httpx - INFO - HTTP Request: POST https://api.telegram.org/bot7912178040:AAElBiQxH4kCCyfVL2hz4ObJ1YqHqmDfFM4/deleteWebhook "HTTP/1.1 200 OK"
2025-05-01 10:10:51,663 - telegram.ext.Application - INFO - Application started
2025-05-01 10:11:02,032 - httpx - INFO - HTTP Request: POST https://api.telegram.org/bot7912178040:AAElBiQxH4kCCyfVL2hz4ObJ1YqHqmDfFM4/getUpdates "HTTP/1.1 200 OK"
2025-05-01 10:11:12,165 - httpx - INFO - HTTP Request: POST https://api.telegram.org/bot7912178040:AAElBiQxH4kCCyfVL2hz4ObJ1YqHqmDfFM4/getUpdates "HTTP/1.1 200 OK"
2025-05-01 10:11:22,295 - httpx - INFO - HTTP Request: POST https://api.telegram.org/bot7912178040:AAElBiQxH4kCCyfVL2hz4ObJ1YqHqmDfFM4/getUpdates "HTTP/1.1 200 OK"
2025-05-01 10:11:32,416 - httpx - INFO - HTTP Request: POST https://api.telegram.org/bot7912178040:AAElBiQxH4kCCyfVL2hz4ObJ1YqHqmDfFM4/getUpdates "HTTP/1.1 200 OK"
2025-05-01 10:11:42,544 - httpx - INFO - HTTP Request: POST https://api.telegram.org/bot7912178040:AAElBiQxH4kCCyfVL2hz4ObJ1YqHqmDfFM4/getUpdates "HTTP/1.1 200 OK"
2025-05-01 10:11:52,671 - httpx - INFO - HTTP Request: POST https://api.telegram.org/bot7912178040:AAElBiQxH4kCCyfVL2hz4ObJ1YqHqmDfFM4/getUpdates "HTTP/1.1 200 OK"
2025-05-01 10:12:02,793 - httpx - INFO - HTTP Request: POST https://api.telegram.org/bot7912178040:AAElBiQxH4kCCyfVL2hz4ObJ1YqHqmDfFM4/getUpdates "HTTP/1.1 200 OK"
2025-05-01 10:12:12,918 - httpx - INFO - HTTP Request: POST https://api.telegram.org/bot7912178040:AAElBiQxH4kCCyfVL2hz4ObJ1YqHqmDfFM4/getUpdates "HTTP/1.1 200 OK"
2025-05-01 10:12:23,044 - httpx - INFO - HTTP Request: POST https://api.telegram.org/bot7912178040:AAElBiQxH4kCCyfVL2hz4ObJ1YqHqmDfFM4/getUpdates "HTTP/1.1 200 OK"
2025-05-01 10:12:33,167 - httpx - INFO - HTTP Request: POST https://api.telegram.org/bot7912178040:AAElBiQxH4kCCyfVL2hz4ObJ1YqHqmDfFM4/getUpdates "HTTP/1.1 200 OK"
2025-05-01 10:12:43,295 - httpx - INFO - HTTP Request: POST https://api.telegram.org/bot7912178040:AAElBiQxH4kCCyfVL2hz4ObJ1YqHqmDfFM4/getUpdates "HTTP/1.1 200 OK"
2025-05-01 10:12:53,418 - httpx - INFO - HTTP Request: POST https://api.telegram.org/bot7912178040:AAElBiQxH4kCCyfVL2hz4ObJ1YqHqmDfFM4/getUpdates "HTTP/1.1 200 OK"
2025-05-01 10:12:58,967 - httpx - INFO - HTTP Request: POST https://api.telegram.org/bot7912178040:AAElBiQxH4kCCyfVL2hz4ObJ1YqHqmDfFM4/getUpdates "HTTP/1.1 200 OK"
2025-05-01 10:12:58,971 - __main__ - INFO - [TelegramBot] Mapped ES to ES.c.0 with tf=1h
2025-05-01 10:12:59,493 - httpx - INFO - HTTP Request: POST https://api.telegram.org/bot7912178040:AAElBiQxH4kCCyfVL2hz4ObJ1YqHqmDfFM4/sendMessage "HTTP/1.1 200 OK"
/Users/visakhaphillips/repos/kawaiitrader/data/databento_client.py:26: DeprecationWarning: datetime.datetime.utcnow() is deprecated and scheduled for removal in a future version. Use timezone-aware objects to represent datetimes in UTC: datetime.datetime.now(datetime.UTC).
  now = datetime.utcnow().replace(second=0, microsecond=0)
2025-05-01 10:12:59,497 - databento.historical.client - INFO - Initialized Historical(gateway=https://hist.databento.com)
2025-05-01 10:13:07,449 - httpx - INFO - HTTP Request: POST https://api.telegram.org/bot7912178040:AAElBiQxH4kCCyfVL2hz4ObJ1YqHqmDfFM4/sendMessage "HTTP/1.1 200 OK"
2025-05-01 10:13:09,103 - httpx - INFO - HTTP Request: POST https://api.telegram.org/bot7912178040:AAElBiQxH4kCCyfVL2hz4ObJ1YqHqmDfFM4/getUpdates "HTTP/1.1 200 OK"
2025-05-01 10:13:19,227 - httpx - INFO - HTTP Request: POST https://api.telegram.org/bot7912178040:AAElBiQxH4kCCyfVL2hz4ObJ1YqHqmDfFM4/getUpdates "HTTP/1.1 200 OK"
2025-05-01 10:13:29,355 - httpx - INFO - HTTP Request: POST https://api.telegram.org/bot7912178040:AAElBiQxH4kCCyfVL2hz4ObJ1YqHqmDfFM4/getUpdates "HTTP/1.1 200 OK"
2025-05-01 10:13:39,480 - httpx - INFO - HTTP Request: POST https://api.telegram.org/bot7912178040:AAElBiQxH4kCCyfVL2hz4ObJ1YqHqmDfFM4/getUpdates "HTTP/1.1 200 OK"
2025-05-01 10:13:49,601 - httpx - INFO - HTTP Request: POST https://api.telegram.org/bot7912178040:AAElBiQxH4kCCyfVL2hz4ObJ1YqHqmDfFM4/getUpdates "HTTP/1.1 200 OK"
2025-05-01 10:13:59,729 - httpx - INFO - HTTP Request: POST https://api.telegram.org/bot7912178040:AAElBiQxH4kCCyfVL2hz4ObJ1YqHqmDfFM4/getUpdates "HTTP/1.1 200 OK"
2025-05-01 10:14:09,850 - httpx - INFO - HTTP Request: POST https://api.telegram.org/bot7912178040:AAElBiQxH4kCCyfVL2hz4ObJ1YqHqmDfFM4/getUpdates "HTTP/1.1 200 OK"
2025-05-01 10:14:19,972 - httpx - INFO - HTTP Request: POST https://api.telegram.org/bot7912178040:AAElBiQxH4kCCyfVL2hz4ObJ1YqHqmDfFM4/getUpdates "HTTP/1.1 200 OK"
2025-05-01 10:14:30,216 - httpx - INFO - HTTP Request: POST https://api.telegram.org/bot7912178040:AAElBiQxH4kCCyfVL2hz4ObJ1YqHqmDfFM4/getUpdates "HTTP/1.1 200 OK"
2025-05-01 10:14:40,342 - httpx - INFO - HTTP Request: POST https://api.telegram.org/bot7912178040:AAElBiQxH4kCCyfVL2hz4ObJ1YqHqmDfFM4/getUpdates "HTTP/1.1 200 OK"
2025-05-01 10:14:50,472 - httpx - INFO - HTTP Request: POST https://api.telegram.org/bot7912178040:AAElBiQxH4kCCyfVL2hz4ObJ1YqHqmDfFM4/getUpdates "HTTP/1.1 200 OK"
2025-05-01 10:15:00,606 - httpx - INFO - HTTP Request: POST https://api.telegram.org/bot7912178040:AAElBiQxH4kCCyfVL2hz4ObJ1YqHqmDfFM4/getUpdates "HTTP/1.1 200 OK"
2025-05-01 10:15:10,745 - httpx - INFO - HTTP Request: POST https://api.telegram.org/bot7912178040:AAElBiQxH4kCCyfVL2hz4ObJ1YqHqmDfFM4/getUpdates "HTTP/1.1 200 OK"
2025-05-01 10:15:20,867 - httpx - INFO - HTTP Request: POST https://api.telegram.org/bot7912178040:AAElBiQxH4kCCyfVL2hz4ObJ1YqHqmDfFM4/getUpdates "HTTP/1.1 200 OK"
2025-05-01 10:15:31,010 - httpx - INFO - HTTP Request: POST https://api.telegram.org/bot7912178040:AAElBiQxH4kCCyfVL2hz4ObJ1YqHqmDfFM4/getUpdates "HTTP/1.1 200 OK"
2025-05-01 10:15:41,132 - httpx - INFO - HTTP Request: POST https://api.telegram.org/bot7912178040:AAElBiQxH4kCCyfVL2hz4ObJ1YqHqmDfFM4/getUpdates "HTTP/1.1 200 OK"
2025-05-01 10:15:51,302 - httpx - INFO - HTTP Request: POST https://api.telegram.org/bot7912178040:AAElBiQxH4kCCyfVL2hz4ObJ1YqHqmDfFM4/getUpdates "HTTP/1.1 200 OK"
2025-05-01 10:16:01,424 - httpx - INFO - HTTP Request: POST https://api.telegram.org/bot7912178040:AAElBiQxH4kCCyfVL2hz4ObJ1YqHqmDfFM4/getUpdates "HTTP/1.1 200 OK"
2025-05-01 10:16:11,551 - httpx - INFO - HTTP Request: POST https://api.telegram.org/bot7912178040:AAElBiQxH4kCCyfVL2hz4ObJ1YqHqmDfFM4/getUpdates "HTTP/1.1 200 OK"
2025-05-01 10:16:21,675 - httpx - INFO - HTTP Request: POST https://api.telegram.org/bot7912178040:AAElBiQxH4kCCyfVL2hz4ObJ1YqHqmDfFM4/getUpdates "HTTP/1.1 200 OK"
2025-05-01 10:16:31,794 - httpx - INFO - HTTP Request: POST https://api.telegram.org/bot7912178040:AAElBiQxH4kCCyfVL2hz4ObJ1YqHqmDfFM4/getUpdates "HTTP/1.1 200 OK"
2025-05-01 10:16:41,915 - httpx - INFO - HTTP Request: POST https://api.telegram.org/bot7912178040:AAElBiQxH4kCCyfVL2hz4ObJ1YqHqmDfFM4/getUpdates "HTTP/1.1 200 OK"
2025-05-01 10:16:52,039 - httpx - INFO - HTTP Request: POST https://api.telegram.org/bot7912178040:AAElBiQxH4kCCyfVL2hz4ObJ1YqHqmDfFM4/getUpdates "HTTP/1.1 200 OK"
2025-05-01 10:17:02,166 - httpx - INFO - HTTP Request: POST https://api.telegram.org/bot7912178040:AAElBiQxH4kCCyfVL2hz4ObJ1YqHqmDfFM4/getUpdates "HTTP/1.1 200 OK"
2025-05-01 10:17:12,286 - httpx - INFO - HTTP Request: POST https://api.telegram.org/bot7912178040:AAElBiQxH4kCCyfVL2hz4ObJ1YqHqmDfFM4/getUpdates "HTTP/1.1 200 OK"
2025-05-01 10:17:22,414 - httpx - INFO - HTTP Request: POST https://api.telegram.org/bot7912178040:AAElBiQxH4kCCyfVL2hz4ObJ1YqHqmDfFM4/getUpdates "HTTP/1.1 200 OK"
2025-05-01 10:17:32,541 - httpx - INFO - HTTP Request: POST https://api.telegram.org/bot7912178040:AAElBiQxH4kCCyfVL2hz4ObJ1YqHqmDfFM4/getUpdates "HTTP/1.1 200 OK"
2025-05-01 10:17:42,775 - httpx - INFO - HTTP Request: POST https://api.telegram.org/bot7912178040:AAElBiQxH4kCCyfVL2hz4ObJ1YqHqmDfFM4/getUpdates "HTTP/1.1 200 OK"
2025-05-01 10:17:52,896 - httpx - INFO - HTTP Request: POST https://api.telegram.org/bot7912178040:AAElBiQxH4kCCyfVL2hz4ObJ1YqHqmDfFM4/getUpdates "HTTP/1.1 200 OK"
2025-05-01 10:18:03,037 - httpx - INFO - HTTP Request: POST https://api.telegram.org/bot7912178040:AAElBiQxH4kCCyfVL2hz4ObJ1YqHqmDfFM4/getUpdates "HTTP/1.1 200 OK"
2025-05-01 10:18:13,164 - httpx - INFO - HTTP Request: POST https://api.telegram.org/bot7912178040:AAElBiQxH4kCCyfVL2hz4ObJ1YqHqmDfFM4/getUpdates "HTTP/1.1 200 OK"
2025-05-01 10:18:23,287 - httpx - INFO - HTTP Request: POST https://api.telegram.org/bot7912178040:AAElBiQxH4kCCyfVL2hz4ObJ1YqHqmDfFM4/getUpdates "HTTP/1.1 200 OK"
2025-05-01 10:18:33,407 - httpx - INFO - HTTP Request: POST https://api.telegram.org/bot7912178040:AAElBiQxH4kCCyfVL2hz4ObJ1YqHqmDfFM4/getUpdates "HTTP/1.1 200 OK"
2025-05-01 10:18:43,527 - httpx - INFO - HTTP Request: POST https://api.telegram.org/bot7912178040:AAElBiQxH4kCCyfVL2hz4ObJ1YqHqmDfFM4/getUpdates "HTTP/1.1 200 OK"
2025-05-01 10:18:53,661 - httpx - INFO - HTTP Request: POST https://api.telegram.org/bot7912178040:AAElBiQxH4kCCyfVL2hz4ObJ1YqHqmDfFM4/getUpdates "HTTP/1.1 200 OK"
2025-05-01 10:19:03,779 - httpx - INFO - HTTP Request: POST https://api.telegram.org/bot7912178040:AAElBiQxH4kCCyfVL2hz4ObJ1YqHqmDfFM4/getUpdates "HTTP/1.1 200 OK"
2025-05-01 10:19:13,904 - httpx - INFO - HTTP Request: POST https://api.telegram.org/bot7912178040:AAElBiQxH4kCCyfVL2hz4ObJ1YqHqmDfFM4/getUpdates "HTTP/1.1 200 OK"
2025-05-01 10:19:24,023 - httpx - INFO - HTTP Request: POST https://api.telegram.org/bot7912178040:AAElBiQxH4kCCyfVL2hz4ObJ1YqHqmDfFM4/getUpdates "HTTP/1.1 200 OK"
2025-05-01 10:19:34,142 - httpx - INFO - HTTP Request: POST https://api.telegram.org/bot7912178040:AAElBiQxH4kCCyfVL2hz4ObJ1YqHqmDfFM4/getUpdates "HTTP/1.1 200 OK"
2025-05-01 10:19:44,261 - httpx - INFO - HTTP Request: POST https://api.telegram.org/bot7912178040:AAElBiQxH4kCCyfVL2hz4ObJ1YqHqmDfFM4/getUpdates "HTTP/1.1 200 OK"
2025-05-01 10:19:54,384 - httpx - INFO - HTTP Request: POST https://api.telegram.org/bot7912178040:AAElBiQxH4kCCyfVL2hz4ObJ1YqHqmDfFM4/getUpdates "HTTP/1.1 200 OK"
2025-05-01 10:20:04,507 - httpx - INFO - HTTP Request: POST https://api.telegram.org/bot7912178040:AAElBiQxH4kCCyfVL2hz4ObJ1YqHqmDfFM4/getUpdates "HTTP/1.1 200 OK"
2025-05-01 10:20:14,763 - httpx - INFO - HTTP Request: POST https://api.telegram.org/bot7912178040:AAElBiQxH4kCCyfVL2hz4ObJ1YqHqmDfFM4/getUpdates "HTTP/1.1 200 OK"
2025-05-01 10:20:24,886 - httpx - INFO - HTTP Request: POST https://api.telegram.org/bot7912178040:AAElBiQxH4kCCyfVL2hz4ObJ1YqHqmDfFM4/getUpdates "HTTP/1.1 200 OK"
2025-05-01 10:20:35,008 - httpx - INFO - HTTP Request: POST https://api.telegram.org/bot7912178040:AAElBiQxH4kCCyfVL2hz4ObJ1YqHqmDfFM4/getUpdates "HTTP/1.1 200 OK"
2025-05-01 10:20:45,130 - httpx - INFO - HTTP Request: POST https://api.telegram.org/bot7912178040:AAElBiQxH4kCCyfVL2hz4ObJ1YqHqmDfFM4/getUpdates "HTTP/1.1 200 OK"
2025-05-01 10:20:55,365 - httpx - INFO - HTTP Request: POST https://api.telegram.org/bot7912178040:AAElBiQxH4kCCyfVL2hz4ObJ1YqHqmDfFM4/getUpdates "HTTP/1.1 200 OK"
2025-05-01 10:21:05,512 - httpx - INFO - HTTP Request: POST https://api.telegram.org/bot7912178040:AAElBiQxH4kCCyfVL2hz4ObJ1YqHqmDfFM4/getUpdates "HTTP/1.1 200 OK"
2025-05-01 10:21:15,637 - httpx - INFO - HTTP Request: POST https://api.telegram.org/bot7912178040:AAElBiQxH4kCCyfVL2hz4ObJ1YqHqmDfFM4/getUpdates "HTTP/1.1 200 OK"
2025-05-01 10:21:24,390 - httpx - INFO - HTTP Request: POST https://api.telegram.org/bot7912178040:AAElBiQxH4kCCyfVL2hz4ObJ1YqHqmDfFM4/getUpdates "HTTP/1.1 200 OK"
2025-05-01 10:21:24,392 - __main__ - INFO - [TelegramBot] Mapped ES to ES.c.0 with tf=1h
2025-05-01 10:21:24,938 - httpx - INFO - HTTP Request: POST https://api.telegram.org/bot7912178040:AAElBiQxH4kCCyfVL2hz4ObJ1YqHqmDfFM4/sendMessage "HTTP/1.1 200 OK"
/Users/visakhaphillips/repos/kawaiitrader/data/databento_client.py:26: DeprecationWarning: datetime.datetime.utcnow() is deprecated and scheduled for removal in a future version. Use timezone-aware objects to represent datetimes in UTC: datetime.datetime.now(datetime.UTC).
  now = datetime.utcnow().replace(second=0, microsecond=0)
2025-05-01 10:21:24,940 - databento.historical.client - INFO - Initialized Historical(gateway=https://hist.databento.com)
2025-05-01 10:21:34,104 - httpx - INFO - HTTP Request: POST https://api.telegram.org/bot7912178040:AAElBiQxH4kCCyfVL2hz4ObJ1YqHqmDfFM4/sendMessage "HTTP/1.1 200 OK"
2025-05-01 10:21:34,526 - httpx - INFO - HTTP Request: POST https://api.telegram.org/bot7912178040:AAElBiQxH4kCCyfVL2hz4ObJ1YqHqmDfFM4/getUpdates "HTTP/1.1 200 OK"
2025-05-01 10:21:44,649 - httpx - INFO - HTTP Request: POST https://api.telegram.org/bot7912178040:AAElBiQxH4kCCyfVL2hz4ObJ1YqHqmDfFM4/getUpdates "HTTP/1.1 200 OK"
2025-05-01 10:21:54,778 - httpx - INFO - HTTP Request: POST https://api.telegram.org/bot7912178040:AAElBiQxH4kCCyfVL2hz4ObJ1YqHqmDfFM4/getUpdates "HTTP/1.1 200 OK"
2025-05-01 10:22:04,900 - httpx - INFO - HTTP Request: POST https://api.telegram.org/bot7912178040:AAElBiQxH4kCCyfVL2hz4ObJ1YqHqmDfFM4/getUpdates "HTTP/1.1 200 OK"
2025-05-01 10:22:15,087 - httpx - INFO - HTTP Request: POST https://api.telegram.org/bot7912178040:AAElBiQxH4kCCyfVL2hz4ObJ1YqHqmDfFM4/getUpdates "HTTP/1.1 200 OK"
2025-05-01 10:22:25,209 - httpx - INFO - HTTP Request: POST https://api.telegram.org/bot7912178040:AAElBiQxH4kCCyfVL2hz4ObJ1YqHqmDfFM4/getUpdates "HTTP/1.1 200 OK"
2025-05-01 10:22:35,334 - httpx - INFO - HTTP Request: POST https://api.telegram.org/bot7912178040:AAElBiQxH4kCCyfVL2hz4ObJ1YqHqmDfFM4/getUpdates "HTTP/1.1 200 OK"
2025-05-01 10:22:45,455 - httpx - INFO - HTTP Request: POST https://api.telegram.org/bot7912178040:AAElBiQxH4kCCyfVL2hz4ObJ1YqHqmDfFM4/getUpdates "HTTP/1.1 200 OK"
2025-05-01 10:22:55,576 - httpx - INFO - HTTP Request: POST https://api.telegram.org/bot7912178040:AAElBiQxH4kCCyfVL2hz4ObJ1YqHqmDfFM4/getUpdates "HTTP/1.1 200 OK"
2025-05-01 10:23:05,711 - httpx - INFO - HTTP Request: POST https://api.telegram.org/bot7912178040:AAElBiQxH4kCCyfVL2hz4ObJ1YqHqmDfFM4/getUpdates "HTTP/1.1 200 OK"
2025-05-01 10:23:15,841 - httpx - INFO - HTTP Request: POST https://api.telegram.org/bot7912178040:AAElBiQxH4kCCyfVL2hz4ObJ1YqHqmDfFM4/getUpdates "HTTP/1.1 200 OK"
2025-05-01 10:23:25,968 - httpx - INFO - HTTP Request: POST https://api.telegram.org/bot7912178040:AAElBiQxH4kCCyfVL2hz4ObJ1YqHqmDfFM4/getUpdates "HTTP/1.1 200 OK"
2025-05-01 10:23:36,094 - httpx - INFO - HTTP Request: POST https://api.telegram.org/bot7912178040:AAElBiQxH4kCCyfVL2hz4ObJ1YqHqmDfFM4/getUpdates "HTTP/1.1 200 OK"
2025-05-01 10:23:46,215 - httpx - INFO - HTTP Request: POST https://api.telegram.org/bot7912178040:AAElBiQxH4kCCyfVL2hz4ObJ1YqHqmDfFM4/getUpdates "HTTP/1.1 200 OK"
2025-05-01 10:23:56,352 - httpx - INFO - HTTP Request: POST https://api.telegram.org/bot7912178040:AAElBiQxH4kCCyfVL2hz4ObJ1YqHqmDfFM4/getUpdates "HTTP/1.1 200 OK"
2025-05-01 10:24:06,479 - httpx - INFO - HTTP Request: POST https://api.telegram.org/bot7912178040:AAElBiQxH4kCCyfVL2hz4ObJ1YqHqmDfFM4/getUpdates "HTTP/1.1 200 OK"
2025-05-01 10:24:16,653 - httpx - INFO - HTTP Request: POST https://api.telegram.org/bot7912178040:AAElBiQxH4kCCyfVL2hz4ObJ1YqHqmDfFM4/getUpdates "HTTP/1.1 200 OK"
2025-05-01 10:24:26,777 - httpx - INFO - HTTP Request: POST https://api.telegram.org/bot7912178040:AAElBiQxH4kCCyfVL2hz4ObJ1YqHqmDfFM4/getUpdates "HTTP/1.1 200 OK"
2025-05-01 10:24:36,903 - httpx - INFO - HTTP Request: POST https://api.telegram.org/bot7912178040:AAElBiQxH4kCCyfVL2hz4ObJ1YqHqmDfFM4/getUpdates "HTTP/1.1 200 OK"
2025-05-01 10:24:47,024 - httpx - INFO - HTTP Request: POST https://api.telegram.org/bot7912178040:AAElBiQxH4kCCyfVL2hz4ObJ1YqHqmDfFM4/getUpdates "HTTP/1.1 200 OK"
2025-05-01 10:24:57,147 - httpx - INFO - HTTP Request: POST https://api.telegram.org/bot7912178040:AAElBiQxH4kCCyfVL2hz4ObJ1YqHqmDfFM4/getUpdates "HTTP/1.1 200 OK"
2025-05-01 10:25:07,273 - httpx - INFO - HTTP Request: POST https://api.telegram.org/bot7912178040:AAElBiQxH4kCCyfVL2hz4ObJ1YqHqmDfFM4/getUpdates "HTTP/1.1 200 OK"
2025-05-01 10:25:17,394 - httpx - INFO - HTTP Request: POST https://api.telegram.org/bot7912178040:AAElBiQxH4kCCyfVL2hz4ObJ1YqHqmDfFM4/getUpdates "HTTP/1.1 200 OK"
2025-05-01 10:25:27,520 - httpx - INFO - HTTP Request: POST https://api.telegram.org/bot7912178040:AAElBiQxH4kCCyfVL2hz4ObJ1YqHqmDfFM4/getUpdates "HTTP/1.1 200 OK"
